<?xml version="1.0" encoding="UTF-8"?>
<!-- Generated by org.testng.reporters.JUnitXMLReporter -->
<testsuite ignored="8" hostname="BLRKEC600312L" failures="0" tests="4" name="Regression" time="0.069" errors="0" timestamp="2024-08-04T19:09:52 IST">
  <testcase classname="TestNg.demo1" name="getdata" time="0.011"/>
  <testcase classname="TestNg.demo2" name="siri" time="0.002"/>
  <testcase classname="TestNg.demo3" name="sirilogin" time="0.001"/>
  <testcase classname="TestNg.demo4" name="webloginCarloan" time="0.001"/>
  <testcase classname="TestNg.demo2" name="sirisha" time="0.0">
    <ignored/>
  </testcase> <!-- sirisha -->
  <testcase classname="TestNg.demo3" name="webloginHomeloan" time="0.0">
    <ignored/>
  </testcase> <!-- webloginHomeloan -->
  <testcase classname="TestNg.demo1" name="getdata1" time="0.0">
    <ignored/>
  </testcase> <!-- getdata1 -->
  <testcase classname="TestNg.demo3" name="mobileloginHomeloan" time="0.0">
    <ignored/>
  </testcase> <!-- mobileloginHomeloan -->
  <testcase classname="TestNg.demo4" name="APIloginCarloan" time="0.0">
    <ignored/>
  </testcase> <!-- APIloginCarloan -->
  <testcase classname="TestNg.demo4" name="mobileloginCarloan" time="0.0">
    <ignored/>
  </testcase> <!-- mobileloginCarloan -->
  <testcase classname="TestNg.demo3" name="sirisignin" time="0.0">
    <ignored/>
  </testcase> <!-- sirisignin -->
  <testcase classname="TestNg.demo3" name="APIloginHomeloan" time="0.0">
    <ignored/>
  </testcase> <!-- APIloginHomeloan -->
</testsuite> <!-- Regression -->
