<?xml version="1.0" encoding="UTF-8"?>
<testng-results ignored="0" total="2" passed="2" failed="0" skipped="0">
  <reporter-output>
  </reporter-output>
  <suite started-at="2024-08-04T19:50:58 IST" name="Default suite" finished-at="2024-08-04T19:50:58 IST" duration-ms="64">
    <groups>
    </groups>
    <test started-at="2024-08-04T19:50:58 IST" name="Default test" finished-at="2024-08-04T19:50:58 IST" duration-ms="64">
      <class name="TestNg.demo1">
        <test-method signature="setdata()[pri:0, instance:TestNg.demo1@6392827e]" started-at="2024-08-04T19:50:58 IST" name="setdata" finished-at="2024-08-04T19:50:58 IST" duration-ms="10" status="PASS">
          <reporter-output>
          </reporter-output>
        </test-method> <!-- setdata -->
        <test-method signature="getdata1()[pri:0, instance:TestNg.demo1@6392827e]" started-at="2024-08-04T19:50:58 IST" name="getdata1" finished-at="2024-08-04T19:50:58 IST" depends-on-methods="TestNg.demo1.setdata" duration-ms="1" status="PASS">
          <reporter-output>
          </reporter-output>
        </test-method> <!-- getdata1 -->
        <test-method is-config="true" signature="Af()[pri:0, instance:TestNg.demo1@6392827e]" started-at="2024-08-04T19:50:58 IST" name="Af" finished-at="2024-08-04T19:50:58 IST" duration-ms="1" status="PASS">
          <reporter-output>
          </reporter-output>
        </test-method> <!-- Af -->
      </class> <!-- TestNg.demo1 -->
    </test> <!-- Default test -->
  </suite> <!-- Default suite -->
</testng-results>
