<?xml version="1.0" encoding="UTF-8"?>
<!-- Generated by org.testng.reporters.JUnitXMLReporter -->
<testsuite ignored="0" hostname="BLRKEC600312L" failures="0" tests="3" name="Carloan" time="0.011" errors="0" timestamp="2024-08-03T16:57:34 IST">
  <testcase classname="TestNg.demo4" name="APIloginCarloan" time="0.001"/>
  <testcase classname="TestNg.demo4" name="mobileloginCarloan" time="0.001"/>
  <testcase classname="TestNg.demo4" name="webloginCarloan" time="0.001"/>
</testsuite> <!-- Carloan -->
