<?xml version="1.0" encoding="UTF-8"?>
<!-- Generated by org.testng.reporters.JUnitXMLReporter -->
<testsuite ignored="0" hostname="BLRKEC600312L" failures="0" tests="3" name="Homeloan" time="0.011" errors="0" timestamp="2024-08-03T16:57:34 IST">
  <testcase classname="TestNg.demo3" name="APIloginHomeloan" time="0.002"/>
  <testcase classname="TestNg.demo3" name="mobileloginHomeloan" time="0.001"/>
  <testcase classname="TestNg.demo3" name="webloginHomeloan" time="0.002"/>
</testsuite> <!-- Homeloan -->
